<?xml version="1.0" encoding="UTF-8"?>
<testsuite name="com.DariusOSongr.Songr.SongrApplicationTests" tests="1" skipped="0" failures="0" errors="0" timestamp="2022-06-01T04:48:49" hostname="DESKTOP-IGQI5G5" time="0.986">
  <properties/>
  <testcase name="contextLoads()" classname="com.DariusOSongr.Songr.SongrApplicationTests" time="0.986"/>
  <system-out><![CDATA[21:48:43.787 [Test worker] DEBUG org.springframework.test.context.BootstrapUtils - Instantiating CacheAwareContextLoaderDelegate from class [org.springframework.test.context.cache.DefaultCacheAwareContextLoaderDelegate]
21:48:43.817 [Test worker] DEBUG org.springframework.test.context.BootstrapUtils - Instantiating BootstrapContext using constructor [public org.springframework.test.context.support.DefaultBootstrapContext(java.lang.Class,org.springframework.test.context.CacheAwareContextLoaderDelegate)]
21:48:43.905 [Test worker] DEBUG org.springframework.test.context.BootstrapUtils - Instantiating TestContextBootstrapper for test class [com.DariusOSongr.Songr.SongrApplicationTests] from class [org.springframework.boot.test.context.SpringBootTestContextBootstrapper]
21:48:43.937 [Test worker] INFO org.springframework.boot.test.context.SpringBootTestContextBootstrapper - Neither @ContextConfiguration nor @ContextHierarchy found for test class [com.DariusOSongr.Songr.SongrApplicationTests], using SpringBootContextLoader
21:48:43.947 [Test worker] DEBUG org.springframework.test.context.support.AbstractContextLoader - Did not detect default resource location for test class [com.DariusOSongr.Songr.SongrApplicationTests]: class path resource [com/DariusOSongr/Songr/SongrApplicationTests-context.xml] does not exist
21:48:43.948 [Test worker] DEBUG org.springframework.test.context.support.AbstractContextLoader - Did not detect default resource location for test class [com.DariusOSongr.Songr.SongrApplicationTests]: class path resource [com/DariusOSongr/Songr/SongrApplicationTestsContext.groovy] does not exist
21:48:43.948 [Test worker] INFO org.springframework.test.context.support.AbstractContextLoader - Could not detect default resource locations for test class [com.DariusOSongr.Songr.SongrApplicationTests]: no resource found for suffixes {-context.xml, Context.groovy}.
21:48:43.950 [Test worker] INFO org.springframework.test.context.support.AnnotationConfigContextLoaderUtils - Could not detect default configuration classes for test class [com.DariusOSongr.Songr.SongrApplicationTests]: SongrApplicationTests does not declare any static, non-private, non-final, nested classes annotated with @Configuration.
21:48:44.087 [Test worker] DEBUG org.springframework.test.context.support.ActiveProfilesUtils - Could not find an 'annotation declaring class' for annotation type [org.springframework.test.context.ActiveProfiles] and class [com.DariusOSongr.Songr.SongrApplicationTests]
21:48:44.284 [Test worker] DEBUG org.springframework.context.annotation.ClassPathScanningCandidateComponentProvider - Identified candidate component class: file [C:\Users\dariu\codefellows\Songr2\Songr\Songr\codefellows\build\classes\java\main\com\DariusOSongr\Songr\SongrApplication.class]
21:48:44.292 [Test worker] INFO org.springframework.boot.test.context.SpringBootTestContextBootstrapper - Found @SpringBootConfiguration com.DariusOSongr.Songr.SongrApplication for test class com.DariusOSongr.Songr.SongrApplicationTests
21:48:44.557 [Test worker] DEBUG org.springframework.boot.test.context.SpringBootTestContextBootstrapper - @TestExecutionListeners is not present for class [com.DariusOSongr.Songr.SongrApplicationTests]: using defaults.
21:48:44.558 [Test worker] INFO org.springframework.boot.test.context.SpringBootTestContextBootstrapper - Loaded default TestExecutionListener class names from location [META-INF/spring.factories]: [org.springframework.boot.test.autoconfigure.restdocs.RestDocsTestExecutionListener, org.springframework.boot.test.autoconfigure.web.client.MockRestServiceServerResetTestExecutionListener, org.springframework.boot.test.autoconfigure.web.servlet.MockMvcPrintOnlyOnFailureTestExecutionListener, org.springframework.boot.test.autoconfigure.web.servlet.WebDriverTestExecutionListener, org.springframework.boot.test.autoconfigure.webservices.client.MockWebServiceServerTestExecutionListener, org.springframework.boot.test.mock.mockito.MockitoTestExecutionListener, org.springframework.boot.test.mock.mockito.ResetMocksTestExecutionListener, org.springframework.test.context.web.ServletTestExecutionListener, org.springframework.test.context.support.DirtiesContextBeforeModesTestExecutionListener, org.springframework.test.context.event.ApplicationEventsTestExecutionListener, org.springframework.test.context.support.DependencyInjectionTestExecutionListener, org.springframework.test.context.support.DirtiesContextTestExecutionListener, org.springframework.test.context.transaction.TransactionalTestExecutionListener, org.springframework.test.context.jdbc.SqlScriptsTestExecutionListener, org.springframework.test.context.event.EventPublishingTestExecutionListener]
21:48:44.590 [Test worker] DEBUG org.springframework.boot.test.context.SpringBootTestContextBootstrapper - Skipping candidate TestExecutionListener [org.springframework.test.context.transaction.TransactionalTestExecutionListener] due to a missing dependency. Specify custom listener classes or make the default listener classes and their required dependencies available. Offending class: [org/springframework/transaction/interceptor/TransactionAttributeSource]
21:48:44.591 [Test worker] DEBUG org.springframework.boot.test.context.SpringBootTestContextBootstrapper - Skipping candidate TestExecutionListener [org.springframework.test.context.jdbc.SqlScriptsTestExecutionListener] due to a missing dependency. Specify custom listener classes or make the default listener classes and their required dependencies available. Offending class: [org/springframework/transaction/interceptor/TransactionAttribute]
21:48:44.593 [Test worker] INFO org.springframework.boot.test.context.SpringBootTestContextBootstrapper - Using TestExecutionListeners: [org.springframework.test.context.web.ServletTestExecutionListener@58e6d4b8, org.springframework.test.context.support.DirtiesContextBeforeModesTestExecutionListener@1de5f0ef, org.springframework.test.context.event.ApplicationEventsTestExecutionListener@376a312c, org.springframework.boot.test.mock.mockito.MockitoTestExecutionListener@28d6290, org.springframework.boot.test.autoconfigure.SpringBootDependencyInjectionTestExecutionListener@6ca0256d, org.springframework.test.context.support.DirtiesContextTestExecutionListener@5ef0d29e, org.springframework.test.context.event.EventPublishingTestExecutionListener@38f57b3d, org.springframework.boot.test.autoconfigure.restdocs.RestDocsTestExecutionListener@51850751, org.springframework.boot.test.autoconfigure.web.client.MockRestServiceServerResetTestExecutionListener@3ce3db41, org.springframework.boot.test.autoconfigure.web.servlet.MockMvcPrintOnlyOnFailureTestExecutionListener@64df9a61, org.springframework.boot.test.autoconfigure.web.servlet.WebDriverTestExecutionListener@77602954, org.springframework.boot.test.autoconfigure.webservices.client.MockWebServiceServerTestExecutionListener@e260766, org.springframework.boot.test.mock.mockito.ResetMocksTestExecutionListener@2c3dec30]
21:48:44.608 [Test worker] DEBUG org.springframework.test.context.support.AbstractDirtiesContextTestExecutionListener - Before test class: context [DefaultTestContext@24bdb479 testClass = SongrApplicationTests, testInstance = [null], testMethod = [null], testException = [null], mergedContextConfiguration = [WebMergedContextConfiguration@7e3f95fe testClass = SongrApplicationTests, locations = '{}', classes = '{class com.DariusOSongr.Songr.SongrApplication}', contextInitializerClasses = '[]', activeProfiles = '{}', propertySourceLocations = '{}', propertySourceProperties = '{org.springframework.boot.test.context.SpringBootTestContextBootstrapper=true}', contextCustomizers = set[org.springframework.boot.test.autoconfigure.actuate.metrics.MetricsExportContextCustomizerFactory$DisableMetricExportContextCustomizer@7a1234bf, org.springframework.boot.test.autoconfigure.properties.PropertyMappingContextCustomizer@0, org.springframework.boot.test.autoconfigure.web.servlet.WebDriverContextCustomizerFactory$Customizer@65a15628, org.springframework.boot.test.context.filter.ExcludeFilterContextCustomizer@7e4204e2, org.springframework.boot.test.json.DuplicateJsonObjectContextCustomizerFactory$DuplicateJsonObjectContextCustomizer@1b955cac, org.springframework.boot.test.mock.mockito.MockitoContextCustomizer@0, org.springframework.boot.test.web.client.TestRestTemplateContextCustomizer@bcef303, org.springframework.boot.test.context.SpringBootTestArgs@1, org.springframework.boot.test.context.SpringBootTestWebEnvironment@4944252c], resourceBasePath = 'src/main/webapp', contextLoader = 'org.springframework.boot.test.context.SpringBootContextLoader', parent = [null]], attributes = map['org.springframework.test.context.web.ServletTestExecutionListener.activateListener' -> true]], class annotated with @DirtiesContext [false] with mode [null].

  .   ____          _            __ _ _
 /\\ / ___'_ __ _ _(_)_ __  __ _ \ \ \ \
( ( )\___ | '_ | '_| | '_ \/ _` | \ \ \ \
 \\/  ___)| |_)| | | | | || (_| |  ) ) ) )
  '  |____| .__|_| |_|_| |_\__, | / / / /
 =========|_|==============|___/=/_/_/_/
 :: Spring Boot ::                (v2.7.0)

2022-05-31 21:48:45.418  INFO 11008 --- [    Test worker] c.D.Songr.SongrApplicationTests          : Starting SongrApplicationTests using Java 17.0.3 on DESKTOP-IGQI5G5 with PID 11008 (started by dariu in C:\Users\dariu\codefellows\Songr2\Songr\Songr\codefellows)
2022-05-31 21:48:45.421  INFO 11008 --- [    Test worker] c.D.Songr.SongrApplicationTests          : No active profile set, falling back to 1 default profile: "default"
2022-05-31 21:48:49.035  WARN 11008 --- [    Test worker] ion$DefaultTemplateResolverConfiguration : Cannot find template location: classpath:/templates/ (please add some templates or check your Thymeleaf configuration)
2022-05-31 21:48:49.348  INFO 11008 --- [    Test worker] c.D.Songr.SongrApplicationTests          : Started SongrApplicationTests in 4.623 seconds (JVM running for 7.336)
]]></system-out>
  <system-err><![CDATA[]]></system-err>
</testsuite>
